<?xml version="1.0" encoding="UTF-8"?>
<testsuite xmlns:xsi="http://www.w3.org/2001/XMLSchema-instance" xsi:noNamespaceSchemaLocation="https://maven.apache.org/surefire/maven-surefire-plugin/xsd/surefire-test-report-3.0.xsd" version="3.0" name="dev.freireservices.pf.WorkflowTest" time="3.488" tests="1" errors="0" skipped="0" failures="0">
  <properties>
    <property name="java.specification.version" value="21"/>
    <property name="sun.jnu.encoding" value="UTF-8"/>
    <property name="java.class.path" value="/Users/rdev/Source/Smartmunda/smartmunda/target/test-classes:/Users/rdev/Source/Smartmunda/smartmunda/target/classes:/Users/rdev/.m2/repository/org/camunda/bpm/springboot/camunda-bpm-spring-boot-starter-rest/7.20.0/camunda-bpm-spring-boot-starter-rest-7.20.0.jar:/Users/rdev/.m2/repository/org/camunda/bpm/springboot/camunda-bpm-spring-boot-starter/7.20.0/camunda-bpm-spring-boot-starter-7.20.0.jar:/Users/rdev/.m2/repository/org/camunda/bpm/camunda-engine-spring-6/7.20.0/camunda-engine-spring-6-7.20.0.jar:/Users/rdev/.m2/repository/org/camunda/bpm/camunda-engine/7.20.0/camunda-engine-7.20.0.jar:/Users/rdev/.m2/repository/org/camunda/bpm/model/camunda-bpmn-model/7.20.0/camunda-bpmn-model-7.20.0.jar:/Users/rdev/.m2/repository/org/camunda/bpm/model/camunda-xml-model/7.20.0/camunda-xml-model-7.20.0.jar:/Users/rdev/.m2/repository/org/camunda/bpm/model/camunda-cmmn-model/7.20.0/camunda-cmmn-model-7.20.0.jar:/Users/rdev/.m2/repository/org/camunda/bpm/juel/camunda-juel/7.20.0/camunda-juel-7.20.0.jar:/Users/rdev/.m2/repository/org/camunda/bpm/dmn/camunda-engine-dmn/7.20.0/camunda-engine-dmn-7.20.0.jar:/Users/rdev/.m2/repository/org/camunda/bpm/model/camunda-dmn-model/7.20.0/camunda-dmn-model-7.20.0.jar:/Users/rdev/.m2/repository/org/camunda/bpm/dmn/camunda-engine-feel-api/7.20.0/camunda-engine-feel-api-7.20.0.jar:/Users/rdev/.m2/repository/org/camunda/bpm/dmn/camunda-engine-feel-juel/7.20.0/camunda-engine-feel-juel-7.20.0.jar:/Users/rdev/.m2/repository/org/camunda/bpm/dmn/camunda-engine-feel-scala/7.20.0/camunda-engine-feel-scala-7.20.0.jar:/Users/rdev/.m2/repository/org/camunda/feel/feel-engine/1.16.2/feel-engine-1.16.2-scala-shaded.jar:/Users/rdev/.m2/repository/org/camunda/commons/camunda-commons-typed-values/7.20.0/camunda-commons-typed-values-7.20.0.jar:/Users/rdev/.m2/repository/org/mybatis/mybatis/3.5.6/mybatis-3.5.6.jar:/Users/rdev/.m2/repository/joda-time/joda-time/2.1/joda-time-2.1.jar:/Users/rdev/.m2/repository/org/camunda/connect/camunda-connect-core/1.6.0/camunda-connect-core-1.6.0.jar:/Users/rdev/.m2/repository/org/camunda/connect/camunda-connect-connectors-all/1.6.0/camunda-connect-connectors-all-1.6.0.jar:/Users/rdev/.m2/repository/org/springframework/spring-context/6.0.10/spring-context-6.0.10.jar:/Users/rdev/.m2/repository/org/springframework/spring-jdbc/6.0.10/spring-jdbc-6.0.10.jar:/Users/rdev/.m2/repository/org/springframework/spring-tx/6.0.10/spring-tx-6.0.10.jar:/Users/rdev/.m2/repository/org/springframework/spring-orm/6.0.10/spring-orm-6.0.10.jar:/Users/rdev/.m2/repository/org/springframework/boot/spring-boot-autoconfigure/3.1.1/spring-boot-autoconfigure-3.1.1.jar:/Users/rdev/.m2/repository/org/apache/commons/commons-lang3/3.12.0/commons-lang3-3.12.0.jar:/Users/rdev/.m2/repository/com/fasterxml/uuid/java-uuid-generator/3.2.0/java-uuid-generator-3.2.0.jar:/Users/rdev/.m2/repository/com/sun/xml/bind/jaxb-impl/4.0.3/jaxb-impl-4.0.3.jar:/Users/rdev/.m2/repository/com/sun/xml/bind/jaxb-core/4.0.3/jaxb-core-4.0.3.jar:/Users/rdev/.m2/repository/org/eclipse/angus/angus-activation/2.0.1/angus-activation-2.0.1.jar:/Users/rdev/.m2/repository/org/camunda/bpm/camunda-engine-rest-core-jakarta/7.20.0/camunda-engine-rest-core-jakarta-7.20.0.jar:/Users/rdev/.m2/repository/commons-fileupload/commons-fileupload/1.5/commons-fileupload-1.5.jar:/Users/rdev/.m2/repository/commons-io/commons-io/2.8.0/commons-io-2.8.0.jar:/Users/rdev/.m2/repository/com/fasterxml/jackson/jakarta/rs/jackson-jakarta-rs-json-provider/2.15.2/jackson-jakarta-rs-json-provider-2.15.2.jar:/Users/rdev/.m2/repository/com/fasterxml/jackson/jakarta/rs/jackson-jakarta-rs-base/2.15.2/jackson-jakarta-rs-base-2.15.2.jar:/Users/rdev/.m2/repository/com/fasterxml/jackson/module/jackson-module-jakarta-xmlbind-annotations/2.15.2/jackson-module-jakarta-xmlbind-annotations-2.15.2.jar:/Users/rdev/.m2/repository/com/fasterxml/jackson/core/jackson-databind/2.15.2/jackson-databind-2.15.2.jar:/Users/rdev/.m2/repository/com/fasterxml/jackson/core/jackson-annotations/2.15.2/jackson-annotations-2.15.2.jar:/Users/rdev/.m2/repository/com/fasterxml/jackson/core/jackson-core/2.15.2/jackson-core-2.15.2.jar:/Users/rdev/.m2/repository/com/fasterxml/jackson/datatype/jackson-datatype-jsr310/2.15.2/jackson-datatype-jsr310-2.15.2.jar:/Users/rdev/.m2/repository/org/springframework/boot/spring-boot-starter-jersey/3.1.1/spring-boot-starter-jersey-3.1.1.jar:/Users/rdev/.m2/repository/org/springframework/boot/spring-boot-starter-validation/3.1.1/spring-boot-starter-validation-3.1.1.jar:/Users/rdev/.m2/repository/org/hibernate/validator/hibernate-validator/8.0.0.Final/hibernate-validator-8.0.0.Final.jar:/Users/rdev/.m2/repository/com/fasterxml/classmate/1.5.1/classmate-1.5.1.jar:/Users/rdev/.m2/repository/org/glassfish/jersey/containers/jersey-container-servlet-core/3.1.2/jersey-container-servlet-core-3.1.2.jar:/Users/rdev/.m2/repository/jakarta/inject/jakarta.inject-api/2.0.1/jakarta.inject-api-2.0.1.jar:/Users/rdev/.m2/repository/org/glassfish/jersey/core/jersey-common/3.1.2/jersey-common-3.1.2.jar:/Users/rdev/.m2/repository/org/glassfish/hk2/osgi-resource-locator/1.0.3/osgi-resource-locator-1.0.3.jar:/Users/rdev/.m2/repository/jakarta/ws/rs/jakarta.ws.rs-api/3.1.0/jakarta.ws.rs-api-3.1.0.jar:/Users/rdev/.m2/repository/org/glassfish/jersey/containers/jersey-container-servlet/3.1.2/jersey-container-servlet-3.1.2.jar:/Users/rdev/.m2/repository/org/glassfish/jersey/core/jersey-server/3.1.2/jersey-server-3.1.2.jar:/Users/rdev/.m2/repository/org/glassfish/jersey/core/jersey-client/3.1.2/jersey-client-3.1.2.jar:/Users/rdev/.m2/repository/jakarta/validation/jakarta.validation-api/3.0.2/jakarta.validation-api-3.0.2.jar:/Users/rdev/.m2/repository/org/glassfish/jersey/ext/jersey-bean-validation/3.1.2/jersey-bean-validation-3.1.2.jar:/Users/rdev/.m2/repository/org/jboss/logging/jboss-logging/3.5.1.Final/jboss-logging-3.5.1.Final.jar:/Users/rdev/.m2/repository/org/glassfish/jersey/ext/jersey-spring6/3.1.2/jersey-spring6-3.1.2.jar:/Users/rdev/.m2/repository/org/glassfish/jersey/inject/jersey-hk2/3.1.2/jersey-hk2-3.1.2.jar:/Users/rdev/.m2/repository/org/glassfish/hk2/hk2-locator/3.0.4/hk2-locator-3.0.4.jar:/Users/rdev/.m2/repository/org/glassfish/hk2/external/aopalliance-repackaged/3.0.4/aopalliance-repackaged-3.0.4.jar:/Users/rdev/.m2/repository/org/javassist/javassist/3.29.0-GA/javassist-3.29.0-GA.jar:/Users/rdev/.m2/repository/org/glassfish/hk2/hk2/3.0.4/hk2-3.0.4.jar:/Users/rdev/.m2/repository/org/glassfish/hk2/hk2-utils/3.0.4/hk2-utils-3.0.4.jar:/Users/rdev/.m2/repository/org/glassfish/hk2/hk2-api/3.0.4/hk2-api-3.0.4.jar:/Users/rdev/.m2/repository/org/glassfish/hk2/hk2-core/3.0.4/hk2-core-3.0.4.jar:/Users/rdev/.m2/repository/org/glassfish/hk2/hk2-runlevel/3.0.4/hk2-runlevel-3.0.4.jar:/Users/rdev/.m2/repository/org/glassfish/hk2/class-model/3.0.4/class-model-3.0.4.jar:/Users/rdev/.m2/repository/org/ow2/asm/asm-analysis/9.5/asm-analysis-9.5.jar:/Users/rdev/.m2/repository/org/ow2/asm/asm-commons/9.5/asm-commons-9.5.jar:/Users/rdev/.m2/repository/org/ow2/asm/asm-tree/9.5/asm-tree-9.5.jar:/Users/rdev/.m2/repository/org/ow2/asm/asm-util/9.5/asm-util-9.5.jar:/Users/rdev/.m2/repository/org/glassfish/hk2/spring-bridge/3.0.4/spring-bridge-3.0.4.jar:/Users/rdev/.m2/repository/org/glassfish/jersey/media/jersey-media-json-jackson/3.1.2/jersey-media-json-jackson-3.1.2.jar:/Users/rdev/.m2/repository/org/glassfish/jersey/ext/jersey-entity-filtering/3.1.2/jersey-entity-filtering-3.1.2.jar:/Users/rdev/.m2/repository/org/camunda/bpm/springboot/camunda-bpm-spring-boot-starter-webapp/7.20.0/camunda-bpm-spring-boot-starter-webapp-7.20.0.jar:/Users/rdev/.m2/repository/org/camunda/bpm/springboot/camunda-bpm-spring-boot-starter-webapp-core/7.20.0/camunda-bpm-spring-boot-starter-webapp-core-7.20.0.jar:/Users/rdev/.m2/repository/org/camunda/bpm/webapp/camunda-webapp-jakarta/7.20.0/camunda-webapp-jakarta-7.20.0-classes.jar:/Users/rdev/.m2/repository/org/camunda/bpm/webapp/camunda-webapp-webjar/7.20.0/camunda-webapp-webjar-7.20.0.jar:/Users/rdev/.m2/repository/org/camunda/bpm/camunda-engine-plugin-spin/7.20.0/camunda-engine-plugin-spin-7.20.0.jar:/Users/rdev/.m2/repository/org/camunda/spin/camunda-spin-core/1.22.0/camunda-spin-core-1.22.0.jar:/Users/rdev/.m2/repository/org/camunda/spin/camunda-spin-dataformat-all/1.22.0/camunda-spin-dataformat-all-1.22.0.jar:/Users/rdev/.m2/repository/org/camunda/commons/camunda-commons-logging/1.13.0/camunda-commons-logging-1.13.0.jar:/Users/rdev/.m2/repository/org/slf4j/slf4j-api/2.0.7/slf4j-api-2.0.7.jar:/Users/rdev/.m2/repository/org/camunda/commons/camunda-commons-utils/1.13.0/camunda-commons-utils-1.13.0.jar:/Users/rdev/.m2/repository/org/camunda/bpm/springboot/camunda-bpm-spring-boot-starter-test/7.20.0/camunda-bpm-spring-boot-starter-test-7.20.0.jar:/Users/rdev/.m2/repository/org/springframework/boot/spring-boot-starter-test/3.1.1/spring-boot-starter-test-3.1.1.jar:/Users/rdev/.m2/repository/org/springframework/boot/spring-boot-test/3.1.1/spring-boot-test-3.1.1.jar:/Users/rdev/.m2/repository/org/springframework/boot/spring-boot-test-autoconfigure/3.1.1/spring-boot-test-autoconfigure-3.1.1.jar:/Users/rdev/.m2/repository/com/jayway/jsonpath/json-path/2.8.0/json-path-2.8.0.jar:/Users/rdev/.m2/repository/jakarta/xml/bind/jakarta.xml.bind-api/4.0.0/jakarta.xml.bind-api-4.0.0.jar:/Users/rdev/.m2/repository/jakarta/activation/jakarta.activation-api/2.1.2/jakarta.activation-api-2.1.2.jar:/Users/rdev/.m2/repository/net/minidev/json-smart/2.4.11/json-smart-2.4.11.jar:/Users/rdev/.m2/repository/net/minidev/accessors-smart/2.4.11/accessors-smart-2.4.11.jar:/Users/rdev/.m2/repository/org/ow2/asm/asm/9.3/asm-9.3.jar:/Users/rdev/.m2/repository/org/assertj/assertj-core/3.24.2/assertj-core-3.24.2.jar:/Users/rdev/.m2/repository/net/bytebuddy/byte-buddy/1.14.5/byte-buddy-1.14.5.jar:/Users/rdev/.m2/repository/org/hamcrest/hamcrest/2.2/hamcrest-2.2.jar:/Users/rdev/.m2/repository/org/junit/jupiter/junit-jupiter/5.9.3/junit-jupiter-5.9.3.jar:/Users/rdev/.m2/repository/org/junit/jupiter/junit-jupiter-api/5.9.3/junit-jupiter-api-5.9.3.jar:/Users/rdev/.m2/repository/org/junit/jupiter/junit-jupiter-params/5.9.3/junit-jupiter-params-5.9.3.jar:/Users/rdev/.m2/repository/org/junit/jupiter/junit-jupiter-engine/5.9.3/junit-jupiter-engine-5.9.3.jar:/Users/rdev/.m2/repository/org/mockito/mockito-core/5.3.1/mockito-core-5.3.1.jar:/Users/rdev/.m2/repository/net/bytebuddy/byte-buddy-agent/1.14.5/byte-buddy-agent-1.14.5.jar:/Users/rdev/.m2/repository/org/objenesis/objenesis/3.3/objenesis-3.3.jar:/Users/rdev/.m2/repository/org/mockito/mockito-junit-jupiter/5.3.1/mockito-junit-jupiter-5.3.1.jar:/Users/rdev/.m2/repository/org/skyscreamer/jsonassert/1.5.1/jsonassert-1.5.1.jar:/Users/rdev/.m2/repository/com/vaadin/external/google/android-json/0.0.20131108.vaadin1/android-json-0.0.20131108.vaadin1.jar:/Users/rdev/.m2/repository/org/springframework/spring-core/6.0.10/spring-core-6.0.10.jar:/Users/rdev/.m2/repository/org/springframework/spring-jcl/6.0.10/spring-jcl-6.0.10.jar:/Users/rdev/.m2/repository/org/springframework/spring-test/6.0.10/spring-test-6.0.10.jar:/Users/rdev/.m2/repository/org/xmlunit/xmlunit-core/2.9.1/xmlunit-core-2.9.1.jar:/Users/rdev/.m2/repository/org/junit/vintage/junit-vintage-engine/5.9.3/junit-vintage-engine-5.9.3.jar:/Users/rdev/.m2/repository/org/junit/platform/junit-platform-engine/1.9.3/junit-platform-engine-1.9.3.jar:/Users/rdev/.m2/repository/org/opentest4j/opentest4j/1.2.0/opentest4j-1.2.0.jar:/Users/rdev/.m2/repository/org/junit/platform/junit-platform-commons/1.9.3/junit-platform-commons-1.9.3.jar:/Users/rdev/.m2/repository/junit/junit/4.13.2/junit-4.13.2.jar:/Users/rdev/.m2/repository/org/apiguardian/apiguardian-api/1.1.2/apiguardian-api-1.1.2.jar:/Users/rdev/.m2/repository/org/camunda/bpm/camunda-bpm-assert/7.20.0/camunda-bpm-assert-7.20.0.jar:/Users/rdev/.m2/repository/org/springframework/boot/spring-boot-starter-security/3.1.1/spring-boot-starter-security-3.1.1.jar:/Users/rdev/.m2/repository/org/springframework/boot/spring-boot-starter/3.1.1/spring-boot-starter-3.1.1.jar:/Users/rdev/.m2/repository/org/springframework/boot/spring-boot/3.1.1/spring-boot-3.1.1.jar:/Users/rdev/.m2/repository/org/springframework/boot/spring-boot-starter-logging/3.1.1/spring-boot-starter-logging-3.1.1.jar:/Users/rdev/.m2/repository/ch/qos/logback/logback-classic/1.4.8/logback-classic-1.4.8.jar:/Users/rdev/.m2/repository/ch/qos/logback/logback-core/1.4.8/logback-core-1.4.8.jar:/Users/rdev/.m2/repository/org/apache/logging/log4j/log4j-to-slf4j/2.20.0/log4j-to-slf4j-2.20.0.jar:/Users/rdev/.m2/repository/org/apache/logging/log4j/log4j-api/2.20.0/log4j-api-2.20.0.jar:/Users/rdev/.m2/repository/org/slf4j/jul-to-slf4j/2.0.7/jul-to-slf4j-2.0.7.jar:/Users/rdev/.m2/repository/jakarta/annotation/jakarta.annotation-api/2.1.1/jakarta.annotation-api-2.1.1.jar:/Users/rdev/.m2/repository/org/yaml/snakeyaml/1.33/snakeyaml-1.33.jar:/Users/rdev/.m2/repository/org/springframework/spring-aop/6.0.10/spring-aop-6.0.10.jar:/Users/rdev/.m2/repository/org/springframework/spring-beans/6.0.10/spring-beans-6.0.10.jar:/Users/rdev/.m2/repository/org/springframework/security/spring-security-config/6.1.1/spring-security-config-6.1.1.jar:/Users/rdev/.m2/repository/org/springframework/security/spring-security-core/6.1.1/spring-security-core-6.1.1.jar:/Users/rdev/.m2/repository/org/springframework/security/spring-security-crypto/6.1.1/spring-security-crypto-6.1.1.jar:/Users/rdev/.m2/repository/org/springframework/security/spring-security-web/6.1.1/spring-security-web-6.1.1.jar:/Users/rdev/.m2/repository/org/springframework/spring-expression/6.0.10/spring-expression-6.0.10.jar:/Users/rdev/.m2/repository/org/springframework/boot/spring-boot-starter-web/3.1.1/spring-boot-starter-web-3.1.1.jar:/Users/rdev/.m2/repository/org/springframework/boot/spring-boot-starter-json/3.1.1/spring-boot-starter-json-3.1.1.jar:/Users/rdev/.m2/repository/com/fasterxml/jackson/datatype/jackson-datatype-jdk8/2.15.2/jackson-datatype-jdk8-2.15.2.jar:/Users/rdev/.m2/repository/com/fasterxml/jackson/module/jackson-module-parameter-names/2.15.2/jackson-module-parameter-names-2.15.2.jar:/Users/rdev/.m2/repository/org/springframework/boot/spring-boot-starter-tomcat/3.1.1/spring-boot-starter-tomcat-3.1.1.jar:/Users/rdev/.m2/repository/org/apache/tomcat/embed/tomcat-embed-core/10.1.10/tomcat-embed-core-10.1.10.jar:/Users/rdev/.m2/repository/org/apache/tomcat/embed/tomcat-embed-el/10.1.10/tomcat-embed-el-10.1.10.jar:/Users/rdev/.m2/repository/org/apache/tomcat/embed/tomcat-embed-websocket/10.1.10/tomcat-embed-websocket-10.1.10.jar:/Users/rdev/.m2/repository/org/springframework/spring-web/6.0.10/spring-web-6.0.10.jar:/Users/rdev/.m2/repository/io/micrometer/micrometer-observation/1.11.1/micrometer-observation-1.11.1.jar:/Users/rdev/.m2/repository/io/micrometer/micrometer-commons/1.11.1/micrometer-commons-1.11.1.jar:/Users/rdev/.m2/repository/org/springframework/spring-webmvc/6.0.10/spring-webmvc-6.0.10.jar:/Users/rdev/.m2/repository/com/h2database/h2/2.1.214/h2-2.1.214.jar:"/>
    <property name="java.vm.vendor" value="Amazon.com Inc."/>
    <property name="sun.arch.data.model" value="64"/>
    <property name="java.vendor.url" value="https://aws.amazon.com/corretto/"/>
    <property name="user.timezone" value="Europe/Zurich"/>
    <property name="org.jboss.logging.provider" value="slf4j"/>
    <property name="os.name" value="Mac OS X"/>
    <property name="java.vm.specification.version" value="21"/>
    <property name="sun.java.launcher" value="SUN_STANDARD"/>
    <property name="user.country" value="CH"/>
    <property name="sun.boot.library.path" value="/Users/rdev/.sdkman/candidates/java/21-amzn/lib"/>
    <property name="sun.java.command" value="/Users/rdev/Source/Smartmunda/smartmunda/target/surefire/surefirebooter-20240331114602726_3.jar /Users/rdev/Source/Smartmunda/smartmunda/target/surefire 2024-03-31T11-46-02_692-jvmRun1 surefire-20240331114602726_1tmp surefire_0-20240331114602726_2tmp"/>
    <property name="http.nonProxyHosts" value="local|*.local|169.254/16|*.169.254/16"/>
    <property name="jdk.debug" value="release"/>
    <property name="surefire.test.class.path" value="/Users/rdev/Source/Smartmunda/smartmunda/target/test-classes:/Users/rdev/Source/Smartmunda/smartmunda/target/classes:/Users/rdev/.m2/repository/org/camunda/bpm/springboot/camunda-bpm-spring-boot-starter-rest/7.20.0/camunda-bpm-spring-boot-starter-rest-7.20.0.jar:/Users/rdev/.m2/repository/org/camunda/bpm/springboot/camunda-bpm-spring-boot-starter/7.20.0/camunda-bpm-spring-boot-starter-7.20.0.jar:/Users/rdev/.m2/repository/org/camunda/bpm/camunda-engine-spring-6/7.20.0/camunda-engine-spring-6-7.20.0.jar:/Users/rdev/.m2/repository/org/camunda/bpm/camunda-engine/7.20.0/camunda-engine-7.20.0.jar:/Users/rdev/.m2/repository/org/camunda/bpm/model/camunda-bpmn-model/7.20.0/camunda-bpmn-model-7.20.0.jar:/Users/rdev/.m2/repository/org/camunda/bpm/model/camunda-xml-model/7.20.0/camunda-xml-model-7.20.0.jar:/Users/rdev/.m2/repository/org/camunda/bpm/model/camunda-cmmn-model/7.20.0/camunda-cmmn-model-7.20.0.jar:/Users/rdev/.m2/repository/org/camunda/bpm/juel/camunda-juel/7.20.0/camunda-juel-7.20.0.jar:/Users/rdev/.m2/repository/org/camunda/bpm/dmn/camunda-engine-dmn/7.20.0/camunda-engine-dmn-7.20.0.jar:/Users/rdev/.m2/repository/org/camunda/bpm/model/camunda-dmn-model/7.20.0/camunda-dmn-model-7.20.0.jar:/Users/rdev/.m2/repository/org/camunda/bpm/dmn/camunda-engine-feel-api/7.20.0/camunda-engine-feel-api-7.20.0.jar:/Users/rdev/.m2/repository/org/camunda/bpm/dmn/camunda-engine-feel-juel/7.20.0/camunda-engine-feel-juel-7.20.0.jar:/Users/rdev/.m2/repository/org/camunda/bpm/dmn/camunda-engine-feel-scala/7.20.0/camunda-engine-feel-scala-7.20.0.jar:/Users/rdev/.m2/repository/org/camunda/feel/feel-engine/1.16.2/feel-engine-1.16.2-scala-shaded.jar:/Users/rdev/.m2/repository/org/camunda/commons/camunda-commons-typed-values/7.20.0/camunda-commons-typed-values-7.20.0.jar:/Users/rdev/.m2/repository/org/mybatis/mybatis/3.5.6/mybatis-3.5.6.jar:/Users/rdev/.m2/repository/joda-time/joda-time/2.1/joda-time-2.1.jar:/Users/rdev/.m2/repository/org/camunda/connect/camunda-connect-core/1.6.0/camunda-connect-core-1.6.0.jar:/Users/rdev/.m2/repository/org/camunda/connect/camunda-connect-connectors-all/1.6.0/camunda-connect-connectors-all-1.6.0.jar:/Users/rdev/.m2/repository/org/springframework/spring-context/6.0.10/spring-context-6.0.10.jar:/Users/rdev/.m2/repository/org/springframework/spring-jdbc/6.0.10/spring-jdbc-6.0.10.jar:/Users/rdev/.m2/repository/org/springframework/spring-tx/6.0.10/spring-tx-6.0.10.jar:/Users/rdev/.m2/repository/org/springframework/spring-orm/6.0.10/spring-orm-6.0.10.jar:/Users/rdev/.m2/repository/org/springframework/boot/spring-boot-autoconfigure/3.1.1/spring-boot-autoconfigure-3.1.1.jar:/Users/rdev/.m2/repository/org/apache/commons/commons-lang3/3.12.0/commons-lang3-3.12.0.jar:/Users/rdev/.m2/repository/com/fasterxml/uuid/java-uuid-generator/3.2.0/java-uuid-generator-3.2.0.jar:/Users/rdev/.m2/repository/com/sun/xml/bind/jaxb-impl/4.0.3/jaxb-impl-4.0.3.jar:/Users/rdev/.m2/repository/com/sun/xml/bind/jaxb-core/4.0.3/jaxb-core-4.0.3.jar:/Users/rdev/.m2/repository/org/eclipse/angus/angus-activation/2.0.1/angus-activation-2.0.1.jar:/Users/rdev/.m2/repository/org/camunda/bpm/camunda-engine-rest-core-jakarta/7.20.0/camunda-engine-rest-core-jakarta-7.20.0.jar:/Users/rdev/.m2/repository/commons-fileupload/commons-fileupload/1.5/commons-fileupload-1.5.jar:/Users/rdev/.m2/repository/commons-io/commons-io/2.8.0/commons-io-2.8.0.jar:/Users/rdev/.m2/repository/com/fasterxml/jackson/jakarta/rs/jackson-jakarta-rs-json-provider/2.15.2/jackson-jakarta-rs-json-provider-2.15.2.jar:/Users/rdev/.m2/repository/com/fasterxml/jackson/jakarta/rs/jackson-jakarta-rs-base/2.15.2/jackson-jakarta-rs-base-2.15.2.jar:/Users/rdev/.m2/repository/com/fasterxml/jackson/module/jackson-module-jakarta-xmlbind-annotations/2.15.2/jackson-module-jakarta-xmlbind-annotations-2.15.2.jar:/Users/rdev/.m2/repository/com/fasterxml/jackson/core/jackson-databind/2.15.2/jackson-databind-2.15.2.jar:/Users/rdev/.m2/repository/com/fasterxml/jackson/core/jackson-annotations/2.15.2/jackson-annotations-2.15.2.jar:/Users/rdev/.m2/repository/com/fasterxml/jackson/core/jackson-core/2.15.2/jackson-core-2.15.2.jar:/Users/rdev/.m2/repository/com/fasterxml/jackson/datatype/jackson-datatype-jsr310/2.15.2/jackson-datatype-jsr310-2.15.2.jar:/Users/rdev/.m2/repository/org/springframework/boot/spring-boot-starter-jersey/3.1.1/spring-boot-starter-jersey-3.1.1.jar:/Users/rdev/.m2/repository/org/springframework/boot/spring-boot-starter-validation/3.1.1/spring-boot-starter-validation-3.1.1.jar:/Users/rdev/.m2/repository/org/hibernate/validator/hibernate-validator/8.0.0.Final/hibernate-validator-8.0.0.Final.jar:/Users/rdev/.m2/repository/com/fasterxml/classmate/1.5.1/classmate-1.5.1.jar:/Users/rdev/.m2/repository/org/glassfish/jersey/containers/jersey-container-servlet-core/3.1.2/jersey-container-servlet-core-3.1.2.jar:/Users/rdev/.m2/repository/jakarta/inject/jakarta.inject-api/2.0.1/jakarta.inject-api-2.0.1.jar:/Users/rdev/.m2/repository/org/glassfish/jersey/core/jersey-common/3.1.2/jersey-common-3.1.2.jar:/Users/rdev/.m2/repository/org/glassfish/hk2/osgi-resource-locator/1.0.3/osgi-resource-locator-1.0.3.jar:/Users/rdev/.m2/repository/jakarta/ws/rs/jakarta.ws.rs-api/3.1.0/jakarta.ws.rs-api-3.1.0.jar:/Users/rdev/.m2/repository/org/glassfish/jersey/containers/jersey-container-servlet/3.1.2/jersey-container-servlet-3.1.2.jar:/Users/rdev/.m2/repository/org/glassfish/jersey/core/jersey-server/3.1.2/jersey-server-3.1.2.jar:/Users/rdev/.m2/repository/org/glassfish/jersey/core/jersey-client/3.1.2/jersey-client-3.1.2.jar:/Users/rdev/.m2/repository/jakarta/validation/jakarta.validation-api/3.0.2/jakarta.validation-api-3.0.2.jar:/Users/rdev/.m2/repository/org/glassfish/jersey/ext/jersey-bean-validation/3.1.2/jersey-bean-validation-3.1.2.jar:/Users/rdev/.m2/repository/org/jboss/logging/jboss-logging/3.5.1.Final/jboss-logging-3.5.1.Final.jar:/Users/rdev/.m2/repository/org/glassfish/jersey/ext/jersey-spring6/3.1.2/jersey-spring6-3.1.2.jar:/Users/rdev/.m2/repository/org/glassfish/jersey/inject/jersey-hk2/3.1.2/jersey-hk2-3.1.2.jar:/Users/rdev/.m2/repository/org/glassfish/hk2/hk2-locator/3.0.4/hk2-locator-3.0.4.jar:/Users/rdev/.m2/repository/org/glassfish/hk2/external/aopalliance-repackaged/3.0.4/aopalliance-repackaged-3.0.4.jar:/Users/rdev/.m2/repository/org/javassist/javassist/3.29.0-GA/javassist-3.29.0-GA.jar:/Users/rdev/.m2/repository/org/glassfish/hk2/hk2/3.0.4/hk2-3.0.4.jar:/Users/rdev/.m2/repository/org/glassfish/hk2/hk2-utils/3.0.4/hk2-utils-3.0.4.jar:/Users/rdev/.m2/repository/org/glassfish/hk2/hk2-api/3.0.4/hk2-api-3.0.4.jar:/Users/rdev/.m2/repository/org/glassfish/hk2/hk2-core/3.0.4/hk2-core-3.0.4.jar:/Users/rdev/.m2/repository/org/glassfish/hk2/hk2-runlevel/3.0.4/hk2-runlevel-3.0.4.jar:/Users/rdev/.m2/repository/org/glassfish/hk2/class-model/3.0.4/class-model-3.0.4.jar:/Users/rdev/.m2/repository/org/ow2/asm/asm-analysis/9.5/asm-analysis-9.5.jar:/Users/rdev/.m2/repository/org/ow2/asm/asm-commons/9.5/asm-commons-9.5.jar:/Users/rdev/.m2/repository/org/ow2/asm/asm-tree/9.5/asm-tree-9.5.jar:/Users/rdev/.m2/repository/org/ow2/asm/asm-util/9.5/asm-util-9.5.jar:/Users/rdev/.m2/repository/org/glassfish/hk2/spring-bridge/3.0.4/spring-bridge-3.0.4.jar:/Users/rdev/.m2/repository/org/glassfish/jersey/media/jersey-media-json-jackson/3.1.2/jersey-media-json-jackson-3.1.2.jar:/Users/rdev/.m2/repository/org/glassfish/jersey/ext/jersey-entity-filtering/3.1.2/jersey-entity-filtering-3.1.2.jar:/Users/rdev/.m2/repository/org/camunda/bpm/springboot/camunda-bpm-spring-boot-starter-webapp/7.20.0/camunda-bpm-spring-boot-starter-webapp-7.20.0.jar:/Users/rdev/.m2/repository/org/camunda/bpm/springboot/camunda-bpm-spring-boot-starter-webapp-core/7.20.0/camunda-bpm-spring-boot-starter-webapp-core-7.20.0.jar:/Users/rdev/.m2/repository/org/camunda/bpm/webapp/camunda-webapp-jakarta/7.20.0/camunda-webapp-jakarta-7.20.0-classes.jar:/Users/rdev/.m2/repository/org/camunda/bpm/webapp/camunda-webapp-webjar/7.20.0/camunda-webapp-webjar-7.20.0.jar:/Users/rdev/.m2/repository/org/camunda/bpm/camunda-engine-plugin-spin/7.20.0/camunda-engine-plugin-spin-7.20.0.jar:/Users/rdev/.m2/repository/org/camunda/spin/camunda-spin-core/1.22.0/camunda-spin-core-1.22.0.jar:/Users/rdev/.m2/repository/org/camunda/spin/camunda-spin-dataformat-all/1.22.0/camunda-spin-dataformat-all-1.22.0.jar:/Users/rdev/.m2/repository/org/camunda/commons/camunda-commons-logging/1.13.0/camunda-commons-logging-1.13.0.jar:/Users/rdev/.m2/repository/org/slf4j/slf4j-api/2.0.7/slf4j-api-2.0.7.jar:/Users/rdev/.m2/repository/org/camunda/commons/camunda-commons-utils/1.13.0/camunda-commons-utils-1.13.0.jar:/Users/rdev/.m2/repository/org/camunda/bpm/springboot/camunda-bpm-spring-boot-starter-test/7.20.0/camunda-bpm-spring-boot-starter-test-7.20.0.jar:/Users/rdev/.m2/repository/org/springframework/boot/spring-boot-starter-test/3.1.1/spring-boot-starter-test-3.1.1.jar:/Users/rdev/.m2/repository/org/springframework/boot/spring-boot-test/3.1.1/spring-boot-test-3.1.1.jar:/Users/rdev/.m2/repository/org/springframework/boot/spring-boot-test-autoconfigure/3.1.1/spring-boot-test-autoconfigure-3.1.1.jar:/Users/rdev/.m2/repository/com/jayway/jsonpath/json-path/2.8.0/json-path-2.8.0.jar:/Users/rdev/.m2/repository/jakarta/xml/bind/jakarta.xml.bind-api/4.0.0/jakarta.xml.bind-api-4.0.0.jar:/Users/rdev/.m2/repository/jakarta/activation/jakarta.activation-api/2.1.2/jakarta.activation-api-2.1.2.jar:/Users/rdev/.m2/repository/net/minidev/json-smart/2.4.11/json-smart-2.4.11.jar:/Users/rdev/.m2/repository/net/minidev/accessors-smart/2.4.11/accessors-smart-2.4.11.jar:/Users/rdev/.m2/repository/org/ow2/asm/asm/9.3/asm-9.3.jar:/Users/rdev/.m2/repository/org/assertj/assertj-core/3.24.2/assertj-core-3.24.2.jar:/Users/rdev/.m2/repository/net/bytebuddy/byte-buddy/1.14.5/byte-buddy-1.14.5.jar:/Users/rdev/.m2/repository/org/hamcrest/hamcrest/2.2/hamcrest-2.2.jar:/Users/rdev/.m2/repository/org/junit/jupiter/junit-jupiter/5.9.3/junit-jupiter-5.9.3.jar:/Users/rdev/.m2/repository/org/junit/jupiter/junit-jupiter-api/5.9.3/junit-jupiter-api-5.9.3.jar:/Users/rdev/.m2/repository/org/junit/jupiter/junit-jupiter-params/5.9.3/junit-jupiter-params-5.9.3.jar:/Users/rdev/.m2/repository/org/junit/jupiter/junit-jupiter-engine/5.9.3/junit-jupiter-engine-5.9.3.jar:/Users/rdev/.m2/repository/org/mockito/mockito-core/5.3.1/mockito-core-5.3.1.jar:/Users/rdev/.m2/repository/net/bytebuddy/byte-buddy-agent/1.14.5/byte-buddy-agent-1.14.5.jar:/Users/rdev/.m2/repository/org/objenesis/objenesis/3.3/objenesis-3.3.jar:/Users/rdev/.m2/repository/org/mockito/mockito-junit-jupiter/5.3.1/mockito-junit-jupiter-5.3.1.jar:/Users/rdev/.m2/repository/org/skyscreamer/jsonassert/1.5.1/jsonassert-1.5.1.jar:/Users/rdev/.m2/repository/com/vaadin/external/google/android-json/0.0.20131108.vaadin1/android-json-0.0.20131108.vaadin1.jar:/Users/rdev/.m2/repository/org/springframework/spring-core/6.0.10/spring-core-6.0.10.jar:/Users/rdev/.m2/repository/org/springframework/spring-jcl/6.0.10/spring-jcl-6.0.10.jar:/Users/rdev/.m2/repository/org/springframework/spring-test/6.0.10/spring-test-6.0.10.jar:/Users/rdev/.m2/repository/org/xmlunit/xmlunit-core/2.9.1/xmlunit-core-2.9.1.jar:/Users/rdev/.m2/repository/org/junit/vintage/junit-vintage-engine/5.9.3/junit-vintage-engine-5.9.3.jar:/Users/rdev/.m2/repository/org/junit/platform/junit-platform-engine/1.9.3/junit-platform-engine-1.9.3.jar:/Users/rdev/.m2/repository/org/opentest4j/opentest4j/1.2.0/opentest4j-1.2.0.jar:/Users/rdev/.m2/repository/org/junit/platform/junit-platform-commons/1.9.3/junit-platform-commons-1.9.3.jar:/Users/rdev/.m2/repository/junit/junit/4.13.2/junit-4.13.2.jar:/Users/rdev/.m2/repository/org/apiguardian/apiguardian-api/1.1.2/apiguardian-api-1.1.2.jar:/Users/rdev/.m2/repository/org/camunda/bpm/camunda-bpm-assert/7.20.0/camunda-bpm-assert-7.20.0.jar:/Users/rdev/.m2/repository/org/springframework/boot/spring-boot-starter-security/3.1.1/spring-boot-starter-security-3.1.1.jar:/Users/rdev/.m2/repository/org/springframework/boot/spring-boot-starter/3.1.1/spring-boot-starter-3.1.1.jar:/Users/rdev/.m2/repository/org/springframework/boot/spring-boot/3.1.1/spring-boot-3.1.1.jar:/Users/rdev/.m2/repository/org/springframework/boot/spring-boot-starter-logging/3.1.1/spring-boot-starter-logging-3.1.1.jar:/Users/rdev/.m2/repository/ch/qos/logback/logback-classic/1.4.8/logback-classic-1.4.8.jar:/Users/rdev/.m2/repository/ch/qos/logback/logback-core/1.4.8/logback-core-1.4.8.jar:/Users/rdev/.m2/repository/org/apache/logging/log4j/log4j-to-slf4j/2.20.0/log4j-to-slf4j-2.20.0.jar:/Users/rdev/.m2/repository/org/apache/logging/log4j/log4j-api/2.20.0/log4j-api-2.20.0.jar:/Users/rdev/.m2/repository/org/slf4j/jul-to-slf4j/2.0.7/jul-to-slf4j-2.0.7.jar:/Users/rdev/.m2/repository/jakarta/annotation/jakarta.annotation-api/2.1.1/jakarta.annotation-api-2.1.1.jar:/Users/rdev/.m2/repository/org/yaml/snakeyaml/1.33/snakeyaml-1.33.jar:/Users/rdev/.m2/repository/org/springframework/spring-aop/6.0.10/spring-aop-6.0.10.jar:/Users/rdev/.m2/repository/org/springframework/spring-beans/6.0.10/spring-beans-6.0.10.jar:/Users/rdev/.m2/repository/org/springframework/security/spring-security-config/6.1.1/spring-security-config-6.1.1.jar:/Users/rdev/.m2/repository/org/springframework/security/spring-security-core/6.1.1/spring-security-core-6.1.1.jar:/Users/rdev/.m2/repository/org/springframework/security/spring-security-crypto/6.1.1/spring-security-crypto-6.1.1.jar:/Users/rdev/.m2/repository/org/springframework/security/spring-security-web/6.1.1/spring-security-web-6.1.1.jar:/Users/rdev/.m2/repository/org/springframework/spring-expression/6.0.10/spring-expression-6.0.10.jar:/Users/rdev/.m2/repository/org/springframework/boot/spring-boot-starter-web/3.1.1/spring-boot-starter-web-3.1.1.jar:/Users/rdev/.m2/repository/org/springframework/boot/spring-boot-starter-json/3.1.1/spring-boot-starter-json-3.1.1.jar:/Users/rdev/.m2/repository/com/fasterxml/jackson/datatype/jackson-datatype-jdk8/2.15.2/jackson-datatype-jdk8-2.15.2.jar:/Users/rdev/.m2/repository/com/fasterxml/jackson/module/jackson-module-parameter-names/2.15.2/jackson-module-parameter-names-2.15.2.jar:/Users/rdev/.m2/repository/org/springframework/boot/spring-boot-starter-tomcat/3.1.1/spring-boot-starter-tomcat-3.1.1.jar:/Users/rdev/.m2/repository/org/apache/tomcat/embed/tomcat-embed-core/10.1.10/tomcat-embed-core-10.1.10.jar:/Users/rdev/.m2/repository/org/apache/tomcat/embed/tomcat-embed-el/10.1.10/tomcat-embed-el-10.1.10.jar:/Users/rdev/.m2/repository/org/apache/tomcat/embed/tomcat-embed-websocket/10.1.10/tomcat-embed-websocket-10.1.10.jar:/Users/rdev/.m2/repository/org/springframework/spring-web/6.0.10/spring-web-6.0.10.jar:/Users/rdev/.m2/repository/io/micrometer/micrometer-observation/1.11.1/micrometer-observation-1.11.1.jar:/Users/rdev/.m2/repository/io/micrometer/micrometer-commons/1.11.1/micrometer-commons-1.11.1.jar:/Users/rdev/.m2/repository/org/springframework/spring-webmvc/6.0.10/spring-webmvc-6.0.10.jar:/Users/rdev/.m2/repository/com/h2database/h2/2.1.214/h2-2.1.214.jar:"/>
    <property name="sun.cpu.endian" value="little"/>
    <property name="user.home" value="/Users/rdev"/>
    <property name="user.language" value="es"/>
    <property name="java.specification.vendor" value="Oracle Corporation"/>
    <property name="java.version.date" value="2023-10-17"/>
    <property name="java.home" value="/Users/rdev/.sdkman/candidates/java/21-amzn"/>
    <property name="file.separator" value="/"/>
    <property name="basedir" value="/Users/rdev/Source/Smartmunda/smartmunda"/>
    <property name="java.vm.compressedOopsMode" value="Zero based"/>
    <property name="line.separator" value="&#10;"/>
    <property name="java.vm.specification.vendor" value="Oracle Corporation"/>
    <property name="java.specification.name" value="Java Platform API Specification"/>
    <property name="FILE_LOG_CHARSET" value="UTF-8"/>
    <property name="java.awt.headless" value="true"/>
    <property name="apple.awt.application.name" value="ForkedBooter"/>
    <property name="surefire.real.class.path" value="/Users/rdev/Source/Smartmunda/smartmunda/target/surefire/surefirebooter-20240331114602726_3.jar"/>
    <property name="sun.management.compiler" value="HotSpot 64-Bit Tiered Compilers"/>
    <property name="ftp.nonProxyHosts" value="local|*.local|169.254/16|*.169.254/16"/>
    <property name="java.runtime.version" value="21.0.1+12-LTS"/>
    <property name="user.name" value="rdev"/>
    <property name="stdout.encoding" value="UTF-8"/>
    <property name="path.separator" value=":"/>
    <property name="os.version" value="14.4.1"/>
    <property name="java.runtime.name" value="OpenJDK Runtime Environment"/>
    <property name="file.encoding" value="UTF-8"/>
    <property name="java.vm.name" value="OpenJDK 64-Bit Server VM"/>
    <property name="java.vendor.version" value="Corretto-21.0.1.12.1"/>
    <property name="localRepository" value="/Users/rdev/.m2/repository"/>
    <property name="java.vendor.url.bug" value="https://github.com/corretto/corretto-21/issues/"/>
    <property name="java.io.tmpdir" value="/var/folders/31/f1vtm4ks0_j2myb365hc02m40000gn/T/"/>
    <property name="idea.version" value="2023.3.6"/>
    <property name="java.version" value="21.0.1"/>
    <property name="user.dir" value="/Users/rdev/Source/Smartmunda/smartmunda"/>
    <property name="os.arch" value="aarch64"/>
    <property name="java.vm.specification.name" value="Java Virtual Machine Specification"/>
    <property name="PID" value="21275"/>
    <property name="CONSOLE_LOG_CHARSET" value="UTF-8"/>
    <property name="native.encoding" value="UTF-8"/>
    <property name="java.library.path" value="/Users/rdev/Library/Java/Extensions:/Library/Java/Extensions:/Network/Library/Java/Extensions:/System/Library/Java/Extensions:/usr/lib/java:."/>
    <property name="java.vm.info" value="mixed mode"/>
    <property name="stderr.encoding" value="UTF-8"/>
    <property name="java.vendor" value="Amazon.com Inc."/>
    <property name="java.vm.version" value="21.0.1+12-LTS"/>
    <property name="sun.io.unicode.encoding" value="UnicodeBig"/>
    <property name="socksNonProxyHosts" value="local|*.local|169.254/16|*.169.254/16"/>
    <property name="java.class.version" value="65.0"/>
  </properties>
  <testcase name="shouldExecuteHappyPath" classname="dev.freireservices.pf.WorkflowTest" time="0.45">
    <system-out><![CDATA[11:46:03.107 [main] INFO  o.s.t.c.s.AnnotationConfigContextLoaderUtils - Could not detect default configuration classes for test class [dev.freireservices.pf.WorkflowTest]: WorkflowTest does not declare any static, non-private, non-final, nested classes annotated with @Configuration.
11:46:03.144 [main] INFO  o.s.b.t.c.SpringBootTestContextBootstrapper - Found @SpringBootConfiguration dev.freireservices.pf.Application for test class dev.freireservices.pf.WorkflowTest
11:46:03.199 [main] INFO  o.s.t.c.s.AnnotationConfigContextLoaderUtils - Could not detect default configuration classes for test class [dev.freireservices.pf.WorkflowTest]: WorkflowTest does not declare any static, non-private, non-final, nested classes annotated with @Configuration.
11:46:03.199 [main] INFO  o.s.b.t.c.SpringBootTestContextBootstrapper - Found @SpringBootConfiguration dev.freireservices.pf.Application for test class dev.freireservices.pf.WorkflowTest
11:46:03.317 [main] INFO  org.camunda.bpm.dmn.feel.scala - FEEL/SCALA-01001 Spin value mapper detected
11:46:03.358 [main] INFO  org.camunda.feel.FeelEngine - Engine created. [value-mapper: CompositeValueMapper(List(org.camunda.feel.impl.JavaValueMapper@1128620c, org.camunda.spin.plugin.impl.feel.integration.SpinValueMapper@6bf13698)), function-provider: org.camunda.bpm.dmn.feel.impl.scala.function.CustomFunctionTransformer@1640c151, clock: SystemClock, configuration: Configuration(false)]
Standard Commons Logging discovery in action with spring-jcl: please remove commons-logging.jar from classpath in order to avoid potential conflicts
11:46:04.310 [main] INFO  org.camunda.bpm.connect - CNCT-01004 Discovered provider for connector id 'http-connector' and class 'org.camunda.connect.httpclient.impl.HttpConnectorImpl': 'org.camunda.connect.httpclient.impl.HttpConnectorProviderImpl'
11:46:04.311 [main] INFO  org.camunda.bpm.connect - CNCT-01004 Discovered provider for connector id 'soap-http-connector' and class 'org.camunda.connect.httpclient.soap.impl.SoapHttpConnectorImpl': 'org.camunda.connect.httpclient.soap.impl.SoapHttpConnectorProviderImpl'
11:46:04.349 [main] ERROR org.camunda.bpm.engine.persistence - ENGINE-03015 Problem during schema operation 'drop' with statement '-- 
-- 
-- 
-- 
alter table ACT_RE_DECISION_DEF 
drop constraint ACT_FK_DEC_REQ'. Cause: 'Tabla "ACT_RE_DECISION_DEF" no encontrada
Table "ACT_RE_DECISION_DEF" not found; SQL statement:
-- 
-- 
-- 
-- 
alter table ACT_RE_DECISION_DEF 
drop constrain [42102-214]'
11:46:04.350 [main] ERROR org.camunda.bpm.engine.persistence - ENGINE-03015 Problem during schema operation 'drop' with statement 'drop index ACT_IDX_DEC_DEF_TENANT_ID'. Cause: 'Indice "ACT_IDX_DEC_DEF_TENANT_ID" no encontrado
Index "ACT_IDX_DEC_DEF_TENANT_ID" not found; SQL statement:
drop index ACT_IDX_DEC_DEF_TENANT_ID [42112-214]'
11:46:04.350 [main] ERROR org.camunda.bpm.engine.persistence - ENGINE-03015 Problem during schema operation 'drop' with statement 'drop index ACT_IDX_DEC_DEF_REQ_ID'. Cause: 'Indice "ACT_IDX_DEC_DEF_REQ_ID" no encontrado
Index "ACT_IDX_DEC_DEF_REQ_ID" not found; SQL statement:
drop index ACT_IDX_DEC_DEF_REQ_ID [42112-214]'
11:46:04.350 [main] ERROR org.camunda.bpm.engine.persistence - ENGINE-03015 Problem during schema operation 'drop' with statement 'drop index ACT_IDX_DEC_REQ_DEF_TENANT_ID'. Cause: 'Indice "ACT_IDX_DEC_REQ_DEF_TENANT_ID" no encontrado
Index "ACT_IDX_DEC_REQ_DEF_TENANT_ID" not found; SQL statement:
drop index ACT_IDX_DEC_REQ_DEF_TENANT_ID [42112-214]'
11:46:04.350 [main] INFO  org.camunda.bpm.engine.persistence - ENGINE-03016 Performing database operation 'drop' on component 'decision.engine' with resource 'org/camunda/bpm/engine/db/drop/activiti.h2.drop.decision.engine.sql'
11:46:04.395 [main] INFO  org.camunda.bpm.engine.persistence - ENGINE-03016 Performing database operation 'create' on component 'engine' with resource 'org/camunda/bpm/engine/db/create/activiti.h2.create.engine.sql'
11:46:04.414 [main] INFO  org.camunda.bpm.engine.persistence - ENGINE-03016 Performing database operation 'create' on component 'history' with resource 'org/camunda/bpm/engine/db/create/activiti.h2.create.history.sql'
11:46:04.418 [main] INFO  org.camunda.bpm.engine.persistence - ENGINE-03016 Performing database operation 'create' on component 'identity' with resource 'org/camunda/bpm/engine/db/create/activiti.h2.create.identity.sql'
11:46:04.425 [main] INFO  org.camunda.bpm.engine.persistence - ENGINE-03016 Performing database operation 'create' on component 'case.engine' with resource 'org/camunda/bpm/engine/db/create/activiti.h2.create.case.engine.sql'
11:46:04.426 [main] INFO  org.camunda.bpm.engine.persistence - ENGINE-03016 Performing database operation 'create' on component 'case.history' with resource 'org/camunda/bpm/engine/db/create/activiti.h2.create.case.history.sql'
11:46:04.428 [main] INFO  org.camunda.bpm.engine.persistence - ENGINE-03016 Performing database operation 'create' on component 'decision.engine' with resource 'org/camunda/bpm/engine/db/create/activiti.h2.create.decision.engine.sql'
11:46:04.430 [main] INFO  org.camunda.bpm.engine.persistence - ENGINE-03016 Performing database operation 'create' on component 'decision.history' with resource 'org/camunda/bpm/engine/db/create/activiti.h2.create.decision.history.sql'
11:46:04.453 [main] INFO  org.camunda.bpm.engine.persistence - ENGINE-03067 No history level property found in database
11:46:04.455 [main] INFO  org.camunda.bpm.engine.persistence - ENGINE-03065 Creating historyLevel property in database for level: HistoryLevelFull(name=full, id=3)
11:46:04.463 [main] INFO  org.camunda.bpm.engine - ENGINE-00001 Process Engine default created.

 ____                                 _         ____  _       _    __                      
/ ___| __ _ _ __ ___  _   _ _ __   __| | __ _  |  _ \| | __ _| |_ / _| ___  _ __ _ __ ___  
| |   / _` | '_ ` _ \| | | | '_ \ / _` |/ _` | | |_) | |/ _` | __| |_ / _ \| '__| '_ ` _ \ 
| |__| (_| | | | | | | |_| | | | | (_| | (_| | |  __/| | (_| | |_|  _| (_) | |  | | | | | |
\____/\__,_|_| |_| |_|\__,_|_| |_|\__,_|\__,_| |_|   |_|\__,_|\__|_|  \___/|_|  |_| |_| |_|

  Spring-Boot:  (v3.1.1)
  Camunda Platform: (v7.20.0)
  Camunda Platform Spring Boot Starter: (v7.20.0)

11:46:04.557 [background-preinit] DEBUG org.jboss.logging - Logging Provider: org.jboss.logging.Slf4jLoggerProvider found via system property
11:46:04.557 [background-preinit] INFO  o.h.validator.internal.util.Version - HV000001: Hibernate Validator 8.0.0.Final
11:46:04.559 [background-preinit] DEBUG o.h.v.i.x.config.ValidationXmlParser - Trying to load META-INF/validation.xml for XML based Validator configuration.
11:46:04.560 [background-preinit] DEBUG o.h.v.i.x.c.ResourceLoaderHelper - Trying to load META-INF/validation.xml via TCCL
11:46:04.560 [background-preinit] DEBUG o.h.v.i.x.c.ResourceLoaderHelper - Trying to load META-INF/validation.xml via Hibernate Validator's class loader
11:46:04.560 [background-preinit] DEBUG o.h.v.i.x.config.ValidationXmlParser - No META-INF/validation.xml found. Using annotation based configuration only.
11:46:04.561 [background-preinit] DEBUG o.h.v.i.e.r.TraversableResolvers - Cannot find jakarta.persistence.Persistence on classpath. Assuming non JPA 2 environment. All properties will per default be traversable.
11:46:04.566 [main] INFO  dev.freireservices.pf.WorkflowTest - Starting WorkflowTest using Java 21.0.1 with PID 21275 (started by rdev in /Users/rdev/Source/Smartmunda/smartmunda)
11:46:04.566 [main] DEBUG dev.freireservices.pf.WorkflowTest - Running with Spring Boot v3.1.1, Spring v6.0.10
11:46:04.566 [main] INFO  dev.freireservices.pf.WorkflowTest - No active profile set, falling back to 1 default profile: "default"
11:46:04.570 [background-preinit] DEBUG o.h.v.m.ResourceBundleMessageInterpolator - Loaded expression factory via original TCCL
11:46:04.600 [background-preinit] DEBUG o.h.v.i.e.ValidatorFactoryConfigurationHelper - HV000252: Using org.hibernate.validator.internal.engine.DefaultPropertyNodeNameProvider as property node name provider.
11:46:04.602 [background-preinit] DEBUG o.h.v.i.e.ValidatorFactoryConfigurationHelper - HV000234: Using org.hibernate.validator.messageinterpolation.ResourceBundleMessageInterpolator as ValidatorFactory-scoped message interpolator.
11:46:04.602 [background-preinit] DEBUG o.h.v.i.e.ValidatorFactoryConfigurationHelper - HV000234: Using org.hibernate.validator.internal.engine.resolver.TraverseAllTraversableResolver as ValidatorFactory-scoped traversable resolver.
11:46:04.602 [background-preinit] DEBUG o.h.v.i.e.ValidatorFactoryConfigurationHelper - HV000234: Using org.hibernate.validator.internal.util.ExecutableParameterNameProvider as ValidatorFactory-scoped parameter name provider.
11:46:04.602 [background-preinit] DEBUG o.h.v.i.e.ValidatorFactoryConfigurationHelper - HV000234: Using org.hibernate.validator.internal.engine.DefaultClockProvider as ValidatorFactory-scoped clock provider.
11:46:04.602 [background-preinit] DEBUG o.h.v.i.e.ValidatorFactoryConfigurationHelper - HV000234: Using org.hibernate.validator.internal.engine.scripting.DefaultScriptEvaluatorFactory as ValidatorFactory-scoped script evaluator factory.
11:46:04.951 [main] INFO  o.s.j.d.e.EmbeddedDatabaseFactory - Starting embedded database: url='jdbc:h2:mem:d58cd0e5-fa22-4538-be20-752b9dc6205c;DB_CLOSE_DELAY=-1;DB_CLOSE_ON_EXIT=false', username='sa'
11:46:04.978 [main] INFO  org.camunda.bpm.spring.boot - STARTER-SB040 Setting up jobExecutor with corePoolSize=3, maxPoolSize:10
11:46:05.002 [main] INFO  org.camunda.bpm.engine.cfg - ENGINE-12003 Plugin 'CompositeProcessEnginePlugin[genericPropertiesConfiguration, camundaProcessEngineConfiguration, camundaDatasourceConfiguration, camundaJobConfiguration, camundaHistoryConfiguration, camundaMetricsConfiguration, camundaAuthorizationConfiguration, camundaDeploymentConfiguration, CreateAdminUserConfiguration[adminUser=AdminUserProperty[id=admin, firstName=Admin, lastName=Admin, email=admin@localhost, password=******]], failedJobConfiguration, eventPublisherPlugin, ApplicationContextClassloaderSwitchPlugin, SpringBootSpinProcessEnginePlugin]' activated on process engine 'default'
11:46:05.304 [main] INFO  org.camunda.bpm.spring.boot - STARTER-SB021 Auto-Deploying resources: [file [/Users/rdev/Source/Smartmunda/smartmunda/target/classes/process.bpmn]]
11:46:05.305 [main] INFO  o.c.b.s.b.s.e.EventPublisherPlugin - EVENTING-001: Initialized Camunda Spring Boot Eventing Engine Plugin.
11:46:05.305 [main] INFO  o.c.b.s.b.s.e.EventPublisherPlugin - EVENTING-003: Task events will be published as Spring Events.
11:46:05.305 [main] INFO  o.c.b.s.b.s.e.EventPublisherPlugin - EVENTING-005: Execution events will be published as Spring Events.
11:46:05.305 [main] INFO  o.c.b.s.b.s.e.EventPublisherPlugin - EVENTING-009: Listeners will not be invoked if a skipCustomListeners API parameter is set to true by user.
11:46:05.306 [main] INFO  o.c.b.s.b.s.e.EventPublisherPlugin - EVENTING-007: History events will be published as Spring events.
11:46:05.307 [main] INFO  org.camunda.spin - SPIN-01010 Discovered Spin data format provider: org.camunda.spin.impl.json.jackson.format.JacksonJsonDataFormatProvider[name = application/json]
11:46:05.371 [main] INFO  org.camunda.spin - SPIN-01010 Discovered Spin data format provider: org.camunda.spin.impl.xml.dom.format.DomXmlDataFormatProvider[name = application/xml]
11:46:05.401 [main] INFO  org.camunda.spin - SPIN-01009 Discovered Spin data format: org.camunda.spin.impl.xml.dom.format.DomXmlDataFormat[name = application/xml]
11:46:05.401 [main] INFO  org.camunda.spin - SPIN-01009 Discovered Spin data format: org.camunda.spin.impl.json.jackson.format.JacksonJsonDataFormat[name = application/json]
11:46:05.402 [main] INFO  org.camunda.bpm.dmn.feel.scala - FEEL/SCALA-01001 Spin value mapper detected
11:46:05.402 [main] INFO  org.camunda.feel.FeelEngine - Engine created. [value-mapper: CompositeValueMapper(List(org.camunda.feel.impl.JavaValueMapper@642d971f, org.camunda.spin.plugin.impl.feel.integration.SpinValueMapper@2afe825a)), function-provider: org.camunda.bpm.dmn.feel.impl.scala.function.CustomFunctionTransformer@49c6ee4a, clock: SystemClock, configuration: Configuration(false)]
11:46:05.813 [main] INFO  org.camunda.bpm.engine.persistence - ENGINE-03016 Performing database operation 'create' on component 'engine' with resource 'org/camunda/bpm/engine/db/create/activiti.h2.create.engine.sql'
11:46:05.825 [main] INFO  org.camunda.bpm.engine.persistence - ENGINE-03016 Performing database operation 'create' on component 'history' with resource 'org/camunda/bpm/engine/db/create/activiti.h2.create.history.sql'
11:46:05.828 [main] INFO  org.camunda.bpm.engine.persistence - ENGINE-03016 Performing database operation 'create' on component 'identity' with resource 'org/camunda/bpm/engine/db/create/activiti.h2.create.identity.sql'
11:46:05.833 [main] INFO  org.camunda.bpm.engine.persistence - ENGINE-03016 Performing database operation 'create' on component 'case.engine' with resource 'org/camunda/bpm/engine/db/create/activiti.h2.create.case.engine.sql'
11:46:05.834 [main] INFO  org.camunda.bpm.engine.persistence - ENGINE-03016 Performing database operation 'create' on component 'case.history' with resource 'org/camunda/bpm/engine/db/create/activiti.h2.create.case.history.sql'
11:46:05.836 [main] INFO  org.camunda.bpm.engine.persistence - ENGINE-03016 Performing database operation 'create' on component 'decision.engine' with resource 'org/camunda/bpm/engine/db/create/activiti.h2.create.decision.engine.sql'
11:46:05.838 [main] INFO  org.camunda.bpm.engine.persistence - ENGINE-03016 Performing database operation 'create' on component 'decision.history' with resource 'org/camunda/bpm/engine/db/create/activiti.h2.create.decision.history.sql'
11:46:05.839 [main] INFO  org.camunda.bpm.engine.persistence - ENGINE-03067 No history level property found in database
11:46:05.839 [main] INFO  org.camunda.bpm.engine.persistence - ENGINE-03065 Creating historyLevel property in database for level: HistoryLevelFull(name=full, id=3)
11:46:05.846 [main] INFO  org.camunda.bpm.engine - ENGINE-00001 Process Engine default created.
11:46:05.921 [main] INFO  org.camunda.bpm.spring.boot - STARTER-SB010 Creating initial Admin User: AdminUserProperty[id=admin, firstName=Admin, lastName=Admin, email=admin@localhost, password=******]
11:46:05.980 [main] WARN  org.camunda.bpm.engine.cfg - ENGINE-12016 definitionKey: smartmunda-process; You are using the default TTL (Time To Live) of 180 days (six months); the history clean-up feature will delete your data after six months. We recommend adjusting the TTL configuration property aligned with your specific requirements.
11:46:06.020 [main] INFO  o.c.b.s.b.s.r.CamundaJerseyResourceConfig - Configuring camunda rest api.
11:46:06.027 [main] INFO  o.c.b.s.b.s.r.CamundaJerseyResourceConfig - Finished configuring camunda rest api.
11:46:06.076 [main] DEBUG o.h.v.m.ResourceBundleMessageInterpolator - Loaded expression factory via original TCCL
11:46:06.077 [main] DEBUG o.h.v.i.e.AbstractConfigurationImpl - Setting custom MessageInterpolator of type org.springframework.validation.beanvalidation.LocaleContextMessageInterpolator
11:46:06.077 [main] DEBUG o.h.v.i.e.AbstractConfigurationImpl - Setting custom ConstraintValidatorFactory of type org.springframework.validation.beanvalidation.SpringConstraintValidatorFactory
11:46:06.077 [main] DEBUG o.h.v.i.x.config.ValidationXmlParser - Trying to load META-INF/validation.xml for XML based Validator configuration.
11:46:06.077 [main] DEBUG o.h.v.i.x.c.ResourceLoaderHelper - Trying to load META-INF/validation.xml via user class loader
11:46:06.077 [main] DEBUG o.h.v.i.x.c.ResourceLoaderHelper - Trying to load META-INF/validation.xml via TCCL
11:46:06.078 [main] DEBUG o.h.v.i.x.c.ResourceLoaderHelper - Trying to load META-INF/validation.xml via Hibernate Validator's class loader
11:46:06.078 [main] DEBUG o.h.v.i.x.config.ValidationXmlParser - No META-INF/validation.xml found. Using annotation based configuration only.
11:46:06.078 [main] DEBUG o.h.v.i.e.r.TraversableResolvers - Cannot find jakarta.persistence.Persistence on classpath. Assuming non JPA 2 environment. All properties will per default be traversable.
11:46:06.078 [main] DEBUG o.h.v.i.e.ValidatorFactoryConfigurationHelper - HV000252: Using org.hibernate.validator.internal.engine.DefaultPropertyNodeNameProvider as property node name provider.
11:46:06.079 [main] DEBUG o.h.v.i.e.ValidatorFactoryConfigurationHelper - HV000234: Using org.springframework.validation.beanvalidation.LocaleContextMessageInterpolator as ValidatorFactory-scoped message interpolator.
11:46:06.079 [main] DEBUG o.h.v.i.e.ValidatorFactoryConfigurationHelper - HV000234: Using org.hibernate.validator.internal.engine.resolver.TraverseAllTraversableResolver as ValidatorFactory-scoped traversable resolver.
11:46:06.079 [main] DEBUG o.h.v.i.e.ValidatorFactoryConfigurationHelper - HV000234: Using org.hibernate.validator.internal.util.ExecutableParameterNameProvider as ValidatorFactory-scoped parameter name provider.
11:46:06.079 [main] DEBUG o.h.v.i.e.ValidatorFactoryConfigurationHelper - HV000234: Using org.hibernate.validator.internal.engine.DefaultClockProvider as ValidatorFactory-scoped clock provider.
11:46:06.079 [main] DEBUG o.h.v.i.e.ValidatorFactoryConfigurationHelper - HV000234: Using org.hibernate.validator.internal.engine.scripting.DefaultScriptEvaluatorFactory as ValidatorFactory-scoped script evaluator factory.
11:46:06.139 [main] DEBUG _.s.w.s.HandlerMapping.Mappings - 
	o.s.b.a.w.s.e.BasicErrorController:
	{ [/error]}: error(HttpServletRequest)
	{ [/error], produces [text/html]}: errorHtml(HttpServletRequest,HttpServletResponse)
11:46:06.145 [main] DEBUG _.s.w.s.HandlerMapping.Mappings - 'viewControllerHandlerMapping' {/=ParameterizableViewController [view=org.springframework.web.servlet.view.RedirectView: [RedirectView]; URL [/camunda/app/]]}
11:46:06.146 [main] DEBUG _.s.w.s.HandlerMapping.Mappings - 'beanNameHandlerMapping' {}
11:46:06.151 [main] DEBUG _.s.w.s.HandlerMapping.Mappings - 'resourceHandlerMapping' {/webjars/**=ResourceHttpRequestHandler [classpath [META-INF/resources/webjars/]], /**=ResourceHttpRequestHandler [classpath [META-INF/resources/], classpath [resources/], classpath [static/], classpath [public/], ServletContext [/]], /camunda/lib/**=ResourceHttpRequestHandler [classpath [META-INF/resources/webjars/camunda/lib/]], /camunda/api/**=ResourceHttpRequestHandler [classpath [api/]], /camunda/app/**=ResourceHttpRequestHandler [classpath [META-INF/resources/webjars/camunda/app/]], /camunda/assets/**=ResourceHttpRequestHandler [classpath [META-INF/resources/webjars/camunda/assets/]], /camunda/favicon.ico=ResourceHttpRequestHandler [classpath [META-INF/resources/webjars/camunda]]}
11:46:06.181 [main] WARN  o.s.b.a.s.s.UserDetailsServiceAutoConfiguration - 

Using generated security password: 3fbe1e86-95cc-48e0-a694-57710d553bad

This generated password is for development use only. Your security configuration must be updated before running your application in production.

11:46:06.224 [main] INFO  o.s.s.web.DefaultSecurityFilterChain - Will secure any request with [org.springframework.security.web.session.DisableEncodeUrlFilter@318f47f1, org.springframework.security.web.context.request.async.WebAsyncManagerIntegrationFilter@900ffc4, org.springframework.security.web.context.SecurityContextHolderFilter@7040d71, org.springframework.security.web.header.HeaderWriterFilter@5a6f1342, org.springframework.security.web.csrf.CsrfFilter@747476f1, org.springframework.security.web.authentication.logout.LogoutFilter@732ae29c, org.springframework.security.web.authentication.UsernamePasswordAuthenticationFilter@73ab649f, org.springframework.security.web.authentication.ui.DefaultLoginPageGeneratingFilter@1545ef47, org.springframework.security.web.authentication.ui.DefaultLogoutPageGeneratingFilter@39d44217, org.springframework.security.web.authentication.www.BasicAuthenticationFilter@63bb719d, org.springframework.security.web.savedrequest.RequestCacheAwareFilter@2a8081f5, org.springframework.security.web.servletapi.SecurityContextHolderAwareRequestFilter@137a9d69, org.springframework.security.web.authentication.AnonymousAuthenticationFilter@3280a79a, org.springframework.security.web.access.ExceptionTranslationFilter@608b74f3, org.springframework.security.web.access.intercept.AuthorizationFilter@12f32f99]
11:46:06.243 [main] INFO  dev.freireservices.pf.WorkflowTest - Started WorkflowTest in 1.767 seconds (process running for 3.479)
11:46:06.244 [main] INFO  org.camunda.bpm.engine.jobexecutor - ENGINE-14014 Starting up the JobExecutor[org.camunda.bpm.engine.spring.components.jobexecutor.SpringJobExecutor].
11:46:06.244 [JobExecutor[org.camunda.bpm.engine.spring.components.jobexecutor.SpringJobExecutor]] INFO  org.camunda.bpm.engine.jobexecutor - ENGINE-14018 JobExecutor[org.camunda.bpm.engine.spring.components.jobexecutor.SpringJobExecutor] starting to acquire jobs
11:46:06.703 [main] DEBUG org.camunda.bpm.engine.test - annotation @Deployment deletes deployment for WorkflowTest.shouldExecuteHappyPath
]]></system-out>
    <system-err><![CDATA[WARNING: A Java agent has been loaded dynamically (/Users/rdev/.m2/repository/net/bytebuddy/byte-buddy-agent/1.14.5/byte-buddy-agent-1.14.5.jar)
WARNING: If a serviceability tool is in use, please run with -XX:+EnableDynamicAgentLoading to hide this warning
WARNING: If a serviceability tool is not in use, please run with -Djdk.instrument.traceUsage for more information
WARNING: Dynamic loading of agents will be disallowed by default in a future release
]]></system-err>
  </testcase>
</testsuite>